{"name":"setUpDriver","status":"broken","statusDetails":{"known":false,"muted":false,"flaky":false,"message":"Unable to create a new remote session. Please check the server log for more details. Original error: An unknown server-side error occurred while processing the command. Original error: Error executing adbExec. Original error: 'Command ''C:\\\\Users\\\\Imam Setya Utama\\\\AppData\\\\Local\\\\Android\\\\sdk\\\\platform-tools\\\\adb.exe' -P 5037 -s 127.0.0.1\\:62001 install -r 'C:\\\\Users\\\\Imam Setya Utama\\\\AppData\\\\Roaming\\\\npm\\\\node_modules\\\\appium\\\\node_modules\\\\appium-uiautomator2-server\\\\apks\\\\appium-uiautomator2-server-debug-androidTest.apk'' exited with code 1'; Stderr: 'adb: failed to install C:\\Users\\Imam Setya Utama\\AppData\\Roaming\\npm\\node_modules\\appium\\node_modules\\appium-uiautomator2-server\\apks\\appium-uiautomator2-server-debug-androidTest.apk:'; Code: '1'\nBuild info: version: '3.141.59', revision: 'e82be7d358', time: '2018-11-14T08:17:03'\nSystem info: host: 'MSI', ip: '192.168.203.26', os.name: 'Windows 10', os.arch: 'amd64', os.version: '10.0', java.version: '15.0.2'\nDriver info: driver.version: AndroidDriver\nremote stacktrace: UnknownError: An unknown server-side error occurred while processing the command. Original error: Error executing adbExec. Original error: 'Command ''C:\\\\Users\\\\Imam Setya Utama\\\\AppData\\\\Local\\\\Android\\\\sdk\\\\platform-tools\\\\adb.exe' -P 5037 -s 127.0.0.1\\:62001 install -r 'C:\\\\Users\\\\Imam Setya Utama\\\\AppData\\\\Roaming\\\\npm\\\\node_modules\\\\appium\\\\node_modules\\\\appium-uiautomator2-server\\\\apks\\\\appium-uiautomator2-server-debug-androidTest.apk'' exited with code 1'; Stderr: 'adb: failed to install C:\\Users\\Imam Setya Utama\\AppData\\Roaming\\npm\\node_modules\\appium\\node_modules\\appium-uiautomator2-server\\apks\\appium-uiautomator2-server-debug-androidTest.apk:'; Code: '1'\n    at getResponseForW3CError (C:\\Users\\Imam Setya Utama\\AppData\\Roaming\\npm\\node_modules\\appium\\node_modules\\appium-base-driver\\lib\\protocol\\errors.js:804:9)\n    at asyncHandler (C:\\Users\\Imam Setya Utama\\AppData\\Roaming\\npm\\node_modules\\appium\\node_modules\\appium-base-driver\\lib\\protocol\\protocol.js:380:37)\nBuild info: version: '3.141.59', revision: 'e82be7d358', time: '2018-11-14T08:17:03'\nSystem info: host: 'MSI', ip: '192.168.203.26', os.name: 'Windows 10', os.arch: 'amd64', os.version: '10.0', java.version: '15.0.2'\nDriver info: driver.version: AndroidDriver","trace":"org.openqa.selenium.SessionNotCreatedException: Unable to create a new remote session. Please check the server log for more details. Original error: An unknown server-side error occurred while processing the command. Original error: Error executing adbExec. Original error: 'Command ''C:\\\\Users\\\\Imam Setya Utama\\\\AppData\\\\Local\\\\Android\\\\sdk\\\\platform-tools\\\\adb.exe' -P 5037 -s 127.0.0.1\\:62001 install -r 'C:\\\\Users\\\\Imam Setya Utama\\\\AppData\\\\Roaming\\\\npm\\\\node_modules\\\\appium\\\\node_modules\\\\appium-uiautomator2-server\\\\apks\\\\appium-uiautomator2-server-debug-androidTest.apk'' exited with code 1'; Stderr: 'adb: failed to install C:\\Users\\Imam Setya Utama\\AppData\\Roaming\\npm\\node_modules\\appium\\node_modules\\appium-uiautomator2-server\\apks\\appium-uiautomator2-server-debug-androidTest.apk:'; Code: '1'\nBuild info: version: '3.141.59', revision: 'e82be7d358', time: '2018-11-14T08:17:03'\nSystem info: host: 'MSI', ip: '192.168.203.26', os.name: 'Windows 10', os.arch: 'amd64', os.version: '10.0', java.version: '15.0.2'\nDriver info: driver.version: AndroidDriver\nremote stacktrace: UnknownError: An unknown server-side error occurred while processing the command. Original error: Error executing adbExec. Original error: 'Command ''C:\\\\Users\\\\Imam Setya Utama\\\\AppData\\\\Local\\\\Android\\\\sdk\\\\platform-tools\\\\adb.exe' -P 5037 -s 127.0.0.1\\:62001 install -r 'C:\\\\Users\\\\Imam Setya Utama\\\\AppData\\\\Roaming\\\\npm\\\\node_modules\\\\appium\\\\node_modules\\\\appium-uiautomator2-server\\\\apks\\\\appium-uiautomator2-server-debug-androidTest.apk'' exited with code 1'; Stderr: 'adb: failed to install C:\\Users\\Imam Setya Utama\\AppData\\Roaming\\npm\\node_modules\\appium\\node_modules\\appium-uiautomator2-server\\apks\\appium-uiautomator2-server-debug-androidTest.apk:'; Code: '1'\n    at getResponseForW3CError (C:\\Users\\Imam Setya Utama\\AppData\\Roaming\\npm\\node_modules\\appium\\node_modules\\appium-base-driver\\lib\\protocol\\errors.js:804:9)\n    at asyncHandler (C:\\Users\\Imam Setya Utama\\AppData\\Roaming\\npm\\node_modules\\appium\\node_modules\\appium-base-driver\\lib\\protocol\\protocol.js:380:37)\nBuild info: version: '3.141.59', revision: 'e82be7d358', time: '2018-11-14T08:17:03'\nSystem info: host: 'MSI', ip: '192.168.203.26', os.name: 'Windows 10', os.arch: 'amd64', os.version: '10.0', java.version: '15.0.2'\nDriver info: driver.version: AndroidDriver\r\n\tat io.appium.java_client.remote.AppiumCommandExecutor$1.createSession(AppiumCommandExecutor.java:216)\r\n\tat io.appium.java_client.remote.AppiumCommandExecutor.createSession(AppiumCommandExecutor.java:225)\r\n\tat io.appium.java_client.remote.AppiumCommandExecutor.execute(AppiumCommandExecutor.java:247)\r\n\tat org.openqa.selenium.remote.RemoteWebDriver.execute(RemoteWebDriver.java:552)\r\n\tat io.appium.java_client.DefaultGenericMobileDriver.execute(DefaultGenericMobileDriver.java:41)\r\n\tat io.appium.java_client.AppiumDriver.execute(AppiumDriver.java:1)\r\n\tat io.appium.java_client.android.AndroidDriver.execute(AndroidDriver.java:1)\r\n\tat org.openqa.selenium.remote.RemoteWebDriver.startSession(RemoteWebDriver.java:213)\r\n\tat io.appium.java_client.AppiumDriver.startSession(AppiumDriver.java:338)\r\n\tat org.openqa.selenium.remote.RemoteWebDriver.<init>(RemoteWebDriver.java:131)\r\n\tat io.appium.java_client.DefaultGenericMobileDriver.<init>(DefaultGenericMobileDriver.java:37)\r\n\tat io.appium.java_client.AppiumDriver.<init>(AppiumDriver.java:89)\r\n\tat io.appium.java_client.AppiumDriver.<init>(AppiumDriver.java:99)\r\n\tat io.appium.java_client.android.AndroidDriver.<init>(AndroidDriver.java:96)\r\n\tat test.BaseTest.setUpDriver(BaseTest.java:39)\r\n\tat java.base/jdk.internal.reflect.NativeMethodAccessorImpl.invoke0(Native Method)\r\n\tat java.base/jdk.internal.reflect.NativeMethodAccessorImpl.invoke(NativeMethodAccessorImpl.java:64)\r\n\tat java.base/jdk.internal.reflect.DelegatingMethodAccessorImpl.invoke(DelegatingMethodAccessorImpl.java:43)\r\n\tat java.base/java.lang.reflect.Method.invoke(Method.java:564)\r\n\tat org.testng.internal.MethodInvocationHelper.invokeMethod(MethodInvocationHelper.java:104)\r\n\tat org.testng.internal.Invoker.invokeConfigurationMethod(Invoker.java:515)\r\n\tat org.testng.internal.Invoker.invokeConfigurations(Invoker.java:217)\r\n\tat org.testng.internal.Invoker.invokeConfigurations(Invoker.java:144)\r\n\tat org.testng.TestRunner.beforeRun(TestRunner.java:634)\r\n\tat org.testng.TestRunner.run(TestRunner.java:602)\r\n\tat org.testng.SuiteRunner.runTest(SuiteRunner.java:387)\r\n\tat org.testng.SuiteRunner.access$000(SuiteRunner.java:39)\r\n\tat org.testng.SuiteRunner$SuiteWorker.run(SuiteRunner.java:421)\r\n\tat org.testng.internal.thread.ThreadUtil$2.call(ThreadUtil.java:64)\r\n\tat java.base/java.util.concurrent.FutureTask.run(FutureTask.java:264)\r\n\tat java.base/java.util.concurrent.ThreadPoolExecutor.runWorker(ThreadPoolExecutor.java:1130)\r\n\tat java.base/java.util.concurrent.ThreadPoolExecutor$Worker.run(ThreadPoolExecutor.java:630)\r\n\tat java.base/java.lang.Thread.run(Thread.java:832)\r\nCaused by: java.lang.reflect.InvocationTargetException\r\n\tat java.base/jdk.internal.reflect.NativeMethodAccessorImpl.invoke0(Native Method)\r\n\tat java.base/jdk.internal.reflect.NativeMethodAccessorImpl.invoke(NativeMethodAccessorImpl.java:64)\r\n\tat java.base/jdk.internal.reflect.DelegatingMethodAccessorImpl.invoke(DelegatingMethodAccessorImpl.java:43)\r\n\tat java.base/java.lang.reflect.Method.invoke(Method.java:564)\r\n\tat io.appium.java_client.remote.AppiumCommandExecutor$1.createSession(AppiumCommandExecutor.java:193)\r\n\t... 32 more\r\nCaused by: org.openqa.selenium.WebDriverException: An unknown server-side error occurred while processing the command. Original error: Error executing adbExec. Original error: 'Command ''C:\\\\Users\\\\Imam Setya Utama\\\\AppData\\\\Local\\\\Android\\\\sdk\\\\platform-tools\\\\adb.exe' -P 5037 -s 127.0.0.1\\:62001 install -r 'C:\\\\Users\\\\Imam Setya Utama\\\\AppData\\\\Roaming\\\\npm\\\\node_modules\\\\appium\\\\node_modules\\\\appium-uiautomator2-server\\\\apks\\\\appium-uiautomator2-server-debug-androidTest.apk'' exited with code 1'; Stderr: 'adb: failed to install C:\\Users\\Imam Setya Utama\\AppData\\Roaming\\npm\\node_modules\\appium\\node_modules\\appium-uiautomator2-server\\apks\\appium-uiautomator2-server-debug-androidTest.apk:'; Code: '1'\nBuild info: version: '3.141.59', revision: 'e82be7d358', time: '2018-11-14T08:17:03'\nSystem info: host: 'MSI', ip: '192.168.203.26', os.name: 'Windows 10', os.arch: 'amd64', os.version: '10.0', java.version: '15.0.2'\nDriver info: driver.version: AndroidDriver\nremote stacktrace: UnknownError: An unknown server-side error occurred while processing the command. Original error: Error executing adbExec. Original error: 'Command ''C:\\\\Users\\\\Imam Setya Utama\\\\AppData\\\\Local\\\\Android\\\\sdk\\\\platform-tools\\\\adb.exe' -P 5037 -s 127.0.0.1\\:62001 install -r 'C:\\\\Users\\\\Imam Setya Utama\\\\AppData\\\\Roaming\\\\npm\\\\node_modules\\\\appium\\\\node_modules\\\\appium-uiautomator2-server\\\\apks\\\\appium-uiautomator2-server-debug-androidTest.apk'' exited with code 1'; Stderr: 'adb: failed to install C:\\Users\\Imam Setya Utama\\AppData\\Roaming\\npm\\node_modules\\appium\\node_modules\\appium-uiautomator2-server\\apks\\appium-uiautomator2-server-debug-androidTest.apk:'; Code: '1'\n    at getResponseForW3CError (C:\\Users\\Imam Setya Utama\\AppData\\Roaming\\npm\\node_modules\\appium\\node_modules\\appium-base-driver\\lib\\protocol\\errors.js:804:9)\n    at asyncHandler (C:\\Users\\Imam Setya Utama\\AppData\\Roaming\\npm\\node_modules\\appium\\node_modules\\appium-base-driver\\lib\\protocol\\protocol.js:380:37)\r\n\tat java.base/jdk.internal.reflect.NativeConstructorAccessorImpl.newInstance0(Native Method)\r\n\tat java.base/jdk.internal.reflect.NativeConstructorAccessorImpl.newInstance(NativeConstructorAccessorImpl.java:64)\r\n\tat java.base/jdk.internal.reflect.DelegatingConstructorAccessorImpl.newInstance(DelegatingConstructorAccessorImpl.java:45)\r\n\tat java.base/java.lang.reflect.Constructor.newInstanceWithCaller(Constructor.java:500)\r\n\tat java.base/java.lang.reflect.Constructor.newInstance(Constructor.java:481)\r\n\tat org.openqa.selenium.remote.W3CHandshakeResponse.lambda$errorHandler$0(W3CHandshakeResponse.java:62)\r\n\tat org.openqa.selenium.remote.HandshakeResponse.lambda$getResponseFunction$0(HandshakeResponse.java:30)\r\n\tat org.openqa.selenium.remote.ProtocolHandshake.lambda$createSession$0(ProtocolHandshake.java:126)\r\n\tat java.base/java.util.stream.ReferencePipeline$3$1.accept(ReferencePipeline.java:195)\r\n\tat java.base/java.util.Spliterators$ArraySpliterator.tryAdvance(Spliterators.java:958)\r\n\tat java.base/java.util.stream.ReferencePipeline.forEachWithCancel(ReferencePipeline.java:127)\r\n\tat java.base/java.util.stream.AbstractPipeline.copyIntoWithCancel(AbstractPipeline.java:502)\r\n\tat java.base/java.util.stream.AbstractPipeline.copyInto(AbstractPipeline.java:488)\r\n\tat java.base/java.util.stream.AbstractPipeline.wrapAndCopyInto(AbstractPipeline.java:474)\r\n\tat java.base/java.util.stream.FindOps$FindOp.evaluateSequential(FindOps.java:150)\r\n\tat java.base/java.util.stream.AbstractPipeline.evaluate(AbstractPipeline.java:234)\r\n\tat java.base/java.util.stream.ReferencePipeline.findFirst(ReferencePipeline.java:543)\r\n\tat org.openqa.selenium.remote.ProtocolHandshake.createSession(ProtocolHandshake.java:128)\r\n\t... 37 more\r\n"},"stage":"finished","steps":[],"attachments":[],"parameters":[],"start":1626154946878,"stop":1626154946882,"uuid":"ae5461e9-b914-4c57-bf1f-df2c1761ea5f","historyId":"ec2f9ae217c5f7149f0a79e2515711da","fullName":"test.BaseTest.setUpDriver","labels":[{"name":"package","value":"test.Transaction.TransferToHijra"},{"name":"testClass","value":"test.Transaction.TransferToHijra"},{"name":"testMethod","value":"setUpDriver"},{"name":"parentSuite","value":"E2E OnBoarding and Transaction"},{"name":"suite","value":"Transfer To HIjra"},{"name":"subSuite","value":"test.Transaction.TransferToHijra"},{"name":"host","value":"MSI"},{"name":"thread","value":"1668@MSI.TestNG(16)"},{"name":"framework","value":"testng"},{"name":"language","value":"java"},{"name":"feature","value":"Transfer To Hijra"},{"name":"epic","value":"TRANSACTIONS "},{"name":"AS_ID","value":"-1"}],"links":[]}