<?xml version="1.0" encoding="UTF-8"?>
<testsuite name="HijraMobile"
           tests="14"
           failures="1"
           errors="0"
           skipped="0"
           time="89.733">
    <properties></properties>

            <testcase
                name="validationPendidikanNull"
                time="2.681"
                classname="test.OnBoarding.PersonalInfoTest">

            <failure type="java.lang.AssertionError" message="expected [true] but found [false]">
                <![CDATA[java.lang.AssertionError: expected [true] but found [false]
                org.testng.Assert.fail(Assert.java:94)org.testng.Assert.failNotEquals(Assert.java:513)org.testng.Assert.assertTrue(Assert.java:42)org.testng.Assert.assertTrue(Assert.java:52)controller.OnBoarding.Register.PersonalInfoController.validation_pendidikan(PersonalInfoController.java:111)test.OnBoarding.PersonalInfoTest.validationPendidikanNull(PersonalInfoTest.java:74)java.base/jdk.internal.reflect.NativeMethodAccessorImpl.invoke0(Native Method)java.base/jdk.internal.reflect.NativeMethodAccessorImpl.invoke(NativeMethodAccessorImpl.java:64)java.base/jdk.internal.reflect.DelegatingMethodAccessorImpl.invoke(DelegatingMethodAccessorImpl.java:43)java.base/java.lang.reflect.Method.invoke(Method.java:564)org.testng.internal.MethodInvocationHelper.invokeMethod(MethodInvocationHelper.java:104)org.testng.internal.Invoker.invokeMethod(Invoker.java:645)org.testng.internal.Invoker.invokeTestMethod(Invoker.java:851)org.testng.internal.Invoker.invokeTestMethods(Invoker.java:1177)org.testng.internal.TestMethodWorker.invokeTestMethods(TestMethodWorker.java:129)org.testng.internal.TestMethodWorker.run(TestMethodWorker.java:112)org.testng.TestRunner.privateRun(TestRunner.java:756)org.testng.TestRunner.run(TestRunner.java:610)org.testng.SuiteRunner.runTest(SuiteRunner.java:387)org.testng.SuiteRunner.runSequentially(SuiteRunner.java:382)org.testng.SuiteRunner.privateRun(SuiteRunner.java:340)org.testng.SuiteRunner.run(SuiteRunner.java:289)org.testng.SuiteRunnerWorker.runSuite(SuiteRunnerWorker.java:52)org.testng.SuiteRunnerWorker.run(SuiteRunnerWorker.java:86)org.testng.TestNG.runSuitesSequentially(TestNG.java:1293)org.testng.TestNG.runSuitesLocally(TestNG.java:1218)org.testng.TestNG.runSuites(TestNG.java:1133)org.testng.TestNG.run(TestNG.java:1104)com.intellij.rt.testng.IDEARemoteTestNG.run(IDEARemoteTestNG.java:66)com.intellij.rt.testng.RemoteTestNGStarter.main(RemoteTestNGStarter.java:110)
]]>
            </failure>
    </testcase>


            <testcase
                name="validationPenghasilanNull"
                time="5.700"
                classname="test.OnBoarding.PersonalInfoTest">
            </testcase>
            <testcase
                name="validationTujuanNull"
                time="6.000"
                classname="test.OnBoarding.PersonalInfoTest">
            </testcase>
            <testcase
                name="skipCarousel"
                time="3.322"
                classname="test.OnBoarding.PersonalInfoTest">
            </testcase>
            <testcase
                name="validationDanaNull"
                time="3.919"
                classname="test.OnBoarding.PersonalInfoTest">
            </testcase>
            <testcase
                name="validationPersonalInfo"
                time="1.845"
                classname="test.OnBoarding.PersonalInfoTest">
            </testcase>
            <testcase
                name="continueRegister"
                time="4.691"
                classname="test.OnBoarding.PersonalInfoTest">
            </testcase>
            <testcase
                name="validationKantorNull"
                time="5.238"
                classname="test.OnBoarding.PersonalInfoTest">
            </testcase>
            <testcase
                name="validationJabatanNull"
                time="5.807"
                classname="test.OnBoarding.PersonalInfoTest">
            </testcase>
            <testcase
                name="loginValid"
                time="16.666"
                classname="test.OnBoarding.PersonalInfoTest">
            </testcase>
            <testcase
                name="startActivityBahasa"
                time="12.548"
                classname="test.OnBoarding.PersonalInfoTest">
            </testcase>
            <testcase
                name="validationPekerjaanNull"
                time="8.088"
                classname="test.OnBoarding.PersonalInfoTest">
            </testcase>
            <testcase
                name="validationAlamatNull"
                time="8.808"
                classname="test.OnBoarding.PersonalInfoTest">
            </testcase>
            <testcase
                name="validationIbuKandungNull"
                time="4.420"
                classname="test.OnBoarding.PersonalInfoTest">
            </testcase>
</testsuite>
