<?xml version="1.0" encoding="UTF-8"?>
<testsuite name="HijraMobile"
           tests="7"
           failures="1"
           errors="0"
           skipped="0"
           time="69.903">
    <properties></properties>

            <testcase
                name="invalidLogin"
                time="21.104"
                classname="Mobile.test.OnBoarding.LoginInvalidTest">

            <failure type="org.openqa.selenium.TimeoutException" message="Expected condition failed: waiting for visibility of element located by By.xpath: //android.widget.TextView[@text = &apos;Password salah sebanyak 3x. Silakan reset password saat log in&apos;] (tried for 10 second(s) with 500 milliseconds interval)">
                    <![CDATA[org.openqa.selenium.TimeoutException: Expected condition failed: waiting for visibility of element located by By.xpath: //android.widget.TextView[@text = 'Password salah sebanyak 3x. Silakan reset password saat log in'] (tried for 10 second(s) with 500 milliseconds interval)
                org.openqa.selenium.support.ui.WebDriverWait.timeoutException(WebDriverWait.java:95)org.openqa.selenium.support.ui.FluentWait.until(FluentWait.java:272)Mobile.controller.BaseController.waitVisibility(BaseController.java:48)Mobile.controller.BaseController.readText(BaseController.java:40)Mobile.controller.OnBoarding.Login.LoginController.validationInvalid(LoginController.java:81)Mobile.test.OnBoarding.LoginInvalidTest.invalidLogin(LoginTest.java:89)java.base/jdk.internal.reflect.NativeMethodAccessorImpl.invoke0(Native Method)java.base/jdk.internal.reflect.NativeMethodAccessorImpl.invoke(NativeMethodAccessorImpl.java:64)java.base/jdk.internal.reflect.DelegatingMethodAccessorImpl.invoke(DelegatingMethodAccessorImpl.java:43)java.base/java.lang.reflect.Method.invoke(Method.java:564)org.testng.internal.MethodInvocationHelper.invokeMethod(MethodInvocationHelper.java:104)org.testng.internal.Invoker.invokeMethod(Invoker.java:645)org.testng.internal.Invoker.invokeTestMethod(Invoker.java:851)org.testng.internal.Invoker.invokeTestMethods(Invoker.java:1177)org.testng.internal.TestMethodWorker.invokeTestMethods(TestMethodWorker.java:129)org.testng.internal.TestMethodWorker.run(TestMethodWorker.java:112)org.testng.TestRunner.privateRun(TestRunner.java:756)org.testng.TestRunner.run(TestRunner.java:610)org.testng.SuiteRunner.runTest(SuiteRunner.java:387)org.testng.SuiteRunner.runSequentially(SuiteRunner.java:382)org.testng.SuiteRunner.privateRun(SuiteRunner.java:340)org.testng.SuiteRunner.run(SuiteRunner.java:289)org.testng.SuiteRunnerWorker.runSuite(SuiteRunnerWorker.java:52)org.testng.SuiteRunnerWorker.run(SuiteRunnerWorker.java:86)org.testng.TestNG.runSuitesSequentially(TestNG.java:1293)org.testng.TestNG.runSuitesLocally(TestNG.java:1218)org.testng.TestNG.runSuites(TestNG.java:1133)org.testng.TestNG.run(TestNG.java:1104)com.intellij.rt.testng.IDEARemoteTestNG.run(IDEARemoteTestNG.java:66)com.intellij.rt.testng.RemoteTestNGStarter.main(RemoteTestNGStarter.java:110)
                    Caused by: org.openqa.selenium.NoSuchElementException: An element could not be located on the page using the given search parameters.
For documentation on this error, please visit: https://www.seleniumhq.org/exceptions/no_such_element.html
Build info: version: '3.141.59', revision: 'e82be7d358', time: '2018-11-14T08:17:03'
System info: host: 'MSI', ip: '192.168.203.26', os.name: 'Windows 10', os.arch: 'amd64', os.version: '10.0', java.version: '15.0.2'
Driver info: io.appium.java_client.android.AndroidDriver
Capabilities {appActivity: com.hijrabank.MainActivity, appPackage: com.hijrabank, automationName: uiautomator2, databaseEnabled: false, desired: {appActivity: com.hijrabank.MainActivity, appPackage: com.hijrabank, automationName: uiautomator2, deviceName: SM-J730G, newCommandTimeout: 60, platformName: android, platformVersion: 9, udid: 52006084fe18840b}, deviceApiLevel: 28, deviceManufacturer: samsung, deviceModel: SM-J730G, deviceName: 52006084fe18840b, deviceScreenDensity: 540, deviceScreenSize: 1080x1920, deviceUDID: 52006084fe18840b, javascriptEnabled: true, locationContextEnabled: false, networkConnectionEnabled: true, newCommandTimeout: 60, pixelRatio: 3.375, platform: LINUX, platformName: ANDROID, platformVersion: 9, statBarHeight: 81, takesScreenshot: true, udid: 52006084fe18840b, viewportRect: {height: 1839, left: 0, top: 81, width: 1080}, warnings: {}, webStorageEnabled: false}
Session ID: d86ded61-1013-4503-ac0e-6b77252b6d3b
*** Element info: {Using=xpath, value=//android.widget.TextView[@text = 'Password salah sebanyak 3x. Silakan reset password saat log in']}
                    jdk.internal.reflect.GeneratedConstructorAccessor12.newInstance(Unknown Source)java.base/jdk.internal.reflect.DelegatingConstructorAccessorImpl.newInstance(DelegatingConstructorAccessorImpl.java:45)java.base/java.lang.reflect.Constructor.newInstanceWithCaller(Constructor.java:500)java.base/java.lang.reflect.Constructor.newInstance(Constructor.java:481)org.openqa.selenium.remote.http.W3CHttpResponseCodec.createException(W3CHttpResponseCodec.java:187)org.openqa.selenium.remote.http.W3CHttpResponseCodec.decode(W3CHttpResponseCodec.java:122)org.openqa.selenium.remote.http.W3CHttpResponseCodec.decode(W3CHttpResponseCodec.java:49)org.openqa.selenium.remote.HttpCommandExecutor.execute(HttpCommandExecutor.java:158)io.appium.java_client.remote.AppiumCommandExecutor.execute(AppiumCommandExecutor.java:247)org.openqa.selenium.remote.RemoteWebDriver.execute(RemoteWebDriver.java:552)io.appium.java_client.DefaultGenericMobileDriver.execute(DefaultGenericMobileDriver.java:41)io.appium.java_client.AppiumDriver.execute(AppiumDriver.java:1)io.appium.java_client.android.AndroidDriver.execute(AndroidDriver.java:1)org.openqa.selenium.remote.RemoteWebDriver.findElement(RemoteWebDriver.java:323)io.appium.java_client.DefaultGenericMobileDriver.findElement(DefaultGenericMobileDriver.java:61)io.appium.java_client.AppiumDriver.findElement(AppiumDriver.java:1)io.appium.java_client.android.AndroidDriver.findElement(AndroidDriver.java:1)org.openqa.selenium.remote.RemoteWebDriver.findElementByXPath(RemoteWebDriver.java:428)io.appium.java_client.DefaultGenericMobileDriver.findElementByXPath(DefaultGenericMobileDriver.java:151)io.appium.java_client.AppiumDriver.findElementByXPath(AppiumDriver.java:1)io.appium.java_client.android.AndroidDriver.findElementByXPath(AndroidDriver.java:1)org.openqa.selenium.By$ByXPath.findElement(By.java:353)org.openqa.selenium.remote.RemoteWebDriver.findElement(RemoteWebDriver.java:315)io.appium.java_client.DefaultGenericMobileDriver.findElement(DefaultGenericMobileDriver.java:57)io.appium.java_client.AppiumDriver.findElement(AppiumDriver.java:1)io.appium.java_client.android.AndroidDriver.findElement(AndroidDriver.java:1)org.openqa.selenium.support.ui.ExpectedConditions$7.apply(ExpectedConditions.java:205)org.openqa.selenium.support.ui.ExpectedConditions$7.apply(ExpectedConditions.java:201)org.openqa.selenium.support.ui.FluentWait.until(FluentWait.java:249)Mobile.controller.BaseController.waitVisibility(BaseController.java:48)Mobile.controller.BaseController.readText(BaseController.java:40)Mobile.controller.OnBoarding.Login.LoginController.validationInvalid(LoginController.java:81)Mobile.test.OnBoarding.LoginInvalidTest.invalidLogin(LoginTest.java:89)java.base/jdk.internal.reflect.NativeMethodAccessorImpl.invoke0(Native Method)java.base/jdk.internal.reflect.NativeMethodAccessorImpl.invoke(NativeMethodAccessorImpl.java:64)java.base/jdk.internal.reflect.DelegatingMethodAccessorImpl.invoke(DelegatingMethodAccessorImpl.java:43)java.base/java.lang.reflect.Method.invoke(Method.java:564)org.testng.internal.MethodInvocationHelper.invokeMethod(MethodInvocationHelper.java:104)org.testng.internal.Invoker.invokeMethod(Invoker.java:645)org.testng.internal.Invoker.invokeTestMethod(Invoker.java:851)org.testng.internal.Invoker.invokeTestMethods(Invoker.java:1177)org.testng.internal.TestMethodWorker.invokeTestMethods(TestMethodWorker.java:129)org.testng.internal.TestMethodWorker.run(TestMethodWorker.java:112)org.testng.TestRunner.privateRun(TestRunner.java:756)org.testng.TestRunner.run(TestRunner.java:610)org.testng.SuiteRunner.runTest(SuiteRunner.java:387)org.testng.SuiteRunner.runSequentially(SuiteRunner.java:382)org.testng.SuiteRunner.privateRun(SuiteRunner.java:340)org.testng.SuiteRunner.run(SuiteRunner.java:289)org.testng.SuiteRunnerWorker.runSuite(SuiteRunnerWorker.java:52)org.testng.SuiteRunnerWorker.run(SuiteRunnerWorker.java:86)org.testng.TestNG.runSuitesSequentially(TestNG.java:1293)org.testng.TestNG.runSuitesLocally(TestNG.java:1218)org.testng.TestNG.runSuites(TestNG.java:1133)org.testng.TestNG.run(TestNG.java:1104)com.intellij.rt.testng.IDEARemoteTestNG.run(IDEARemoteTestNG.java:66)com.intellij.rt.testng.RemoteTestNGStarter.main(RemoteTestNGStarter.java:110)
                ]]>
            </failure>
    </testcase>


            <testcase
                name="skipCarousel"
                time="3.418"
                classname="Mobile.test.OnBoarding.LoginInvalidTest">
            </testcase>
            <testcase
                name="startActivityBahasa"
                time="12.196"
                classname="Mobile.test.OnBoarding.LoginInvalidTest">
            </testcase>
            <testcase
                name="passwordNull"
                time="6.753"
                classname="Mobile.test.OnBoarding.LoginInvalidTest">
            </testcase>
            <testcase
                name="hijraIDNull"
                time="5.563"
                classname="Mobile.test.OnBoarding.LoginInvalidTest">
            </testcase>
            <testcase
                name="loginNull"
                time="14.700"
                classname="Mobile.test.OnBoarding.LoginInvalidTest">
            </testcase>
            <testcase
                name="loginValid"
                time="6.169"
                classname="Mobile.test.OnBoarding.LoginInvalidTest">
            </testcase>
</testsuite>
